# JRE version: OpenJDK Runtime Environment Temurin-21.0.10+7 (21.0.10+7) (build 21.0.10+7-LTS)
# Java VM: OpenJDK 64-Bit Server VM Temurin-21.0.10+7 (21.0.10+7-LTS, mixed mode, sharing, tiered, compressed oops, compressed class ptrs, parallel gc, windows-amd64)
GC Precious Log:
 CardTable entry size: 512
 CPUs: 8 total, 8 available
 Memory: 15761M
 Large Page Support: Disabled
 NUMA Support: Disabled
 Compressed Oops: Enabled (32-bit)
 Alignments: Space 512K, Generation 512K, Heap 2M
 Heap Min Capacity: 100M
 Heap Initial Capacity: 100M
 Heap Max Capacity: 2G
 Pre-touch: Disabled
 Parallel Workers: 8
Heap:
 PSYoungGen      total 5632K, used 1216K [0x00000000d5580000, 0x00000000d5e00000, 0x0000000100000000)
  eden space 5120K, 18% used [0x00000000d5580000,0x00000000d5669860,0x00000000d5a80000)
  from space 512K, 55% used [0x00000000d5a80000,0x00000000d5ac6900,0x00000000d5b00000)
  to   space 512K, 0% used [0x00000000d5d80000,0x00000000d5d80000,0x00000000d5e00000)
 ParOldGen       total 337920K, used 337537K [0x0000000080000000, 0x0000000094a00000, 0x00000000d5580000)
  object space 337920K, 99% used [0x0000000080000000,0x00000000949a0600,0x0000000094a00000)
 Metaspace       used 71080K, committed 72832K, reserved 1114112K
  class space    used 7274K, committed 8064K, reserved 1048576K
GC Heap History (20 events):
Event: 49.935 GC heap before
{Heap before GC invocations=491 (full 3):
 PSYoungGen      total 8704K, used 8384K [0x00000000d5580000, 0x00000000d5f00000, 0x0000000100000000)
  eden space 7680K, 100% used [0x00000000d5580000,0x00000000d5d00000,0x00000000d5d00000)
  from space 1024K, 68% used [0x00000000d5d00000,0x00000000d5db0000,0x00000000d5e00000)
  to   space 1024K, 0% used [0x00000000d5e00000,0x00000000d5e00000,0x00000000d5f00000)
 ParOldGen       total 332288K, used 331812K [0x0000000080000000, 0x0000000094480000, 0x00000000d5580000)
  object space 332288K, 99% used [0x0000000080000000,0x00000000944093f8,0x0000000094480000)
 Metaspace       used 71054K, committed 72832K, reserved 1114112K
  class space    used 7274K, committed 8064K, reserved 1048576K
}
Event: 49.937 GC heap after
{Heap after GC invocations=491 (full 3):
 PSYoungGen      total 8704K, used 633K [0x00000000d5580000, 0x00000000d5f00000, 0x0000000100000000)
  eden space 7680K, 0% used [0x00000000d5580000,0x00000000d5580000,0x00000000d5d00000)
  from space 1024K, 61% used [0x00000000d5e00000,0x00000000d5e9e7a0,0x00000000d5f00000)
  to   space 1024K, 0% used [0x00000000d5d00000,0x00000000d5d00000,0x00000000d5e00000)
 ParOldGen       total 332288K, used 332172K [0x0000000080000000, 0x0000000094480000, 0x00000000d5580000)
  object space 332288K, 99% used [0x0000000080000000,0x00000000944633f8,0x0000000094480000)
 Metaspace       used 71054K, committed 72832K, reserved 1114112K
  class space    used 7274K, committed 8064K, reserved 1048576K
}
Event: 49.965 GC heap before
{Heap before GC invocations=492 (full 3):
 PSYoungGen      total 8704K, used 8313K [0x00000000d5580000, 0x00000000d5f00000, 0x0000000100000000)
  eden space 7680K, 100% used [0x00000000d5580000,0x00000000d5d00000,0x00000000d5d00000)
  from space 1024K, 61% used [0x00000000d5e00000,0x00000000d5e9e7a0,0x00000000d5f00000)
  to   space 1024K, 0% used [0x00000000d5d00000,0x00000000d5d00000,0x00000000d5e00000)
 ParOldGen       total 332288K, used 332172K [0x0000000080000000, 0x0000000094480000, 0x00000000d5580000)
  object space 332288K, 99% used [0x0000000080000000,0x00000000944633f8,0x0000000094480000)
 Metaspace       used 71054K, committed 72832K, reserved 1114112K
  class space    used 7274K, committed 8064K, reserved 1048576K
}
Event: 49.968 GC heap after
{Heap after GC invocations=492 (full 3):
 PSYoungGen      total 8704K, used 256K [0x00000000d5580000, 0x00000000d5e80000, 0x0000000100000000)
  eden space 7680K, 0% used [0x00000000d5580000,0x00000000d5580000,0x00000000d5d00000)
  from space 1024K, 25% used [0x00000000d5d00000,0x00000000d5d40000,0x00000000d5e00000)
  to   space 512K, 0% used [0x00000000d5e00000,0x00000000d5e00000,0x00000000d5e80000)
 ParOldGen       total 332800K, used 332750K [0x0000000080000000, 0x0000000094500000, 0x00000000d5580000)
  object space 332800K, 99% used [0x0000000080000000,0x00000000944f3ba8,0x0000000094500000)
 Metaspace       used 71054K, committed 72832K, reserved 1114112K
  class space    used 7274K, committed 8064K, reserved 1048576K
}
Event: 50.014 GC heap before
{Heap before GC invocations=493 (full 3):
 PSYoungGen      total 8704K, used 7936K [0x00000000d5580000, 0x00000000d5e80000, 0x0000000100000000)
  eden space 7680K, 100% used [0x00000000d5580000,0x00000000d5d00000,0x00000000d5d00000)
  from space 1024K, 25% used [0x00000000d5d00000,0x00000000d5d40000,0x00000000d5e00000)
  to   space 512K, 0% used [0x00000000d5e00000,0x00000000d5e00000,0x00000000d5e80000)
 ParOldGen       total 332800K, used 332750K [0x0000000080000000, 0x0000000094500000, 0x00000000d5580000)
  object space 332800K, 99% used [0x0000000080000000,0x00000000944f3ba8,0x0000000094500000)
 Metaspace       used 71058K, committed 72832K, reserved 1114112K
  class space    used 7274K, committed 8064K, reserved 1048576K
}
Event: 50.016 GC heap after
{Heap after GC invocations=493 (full 3):
 PSYoungGen      total 8192K, used 496K [0x00000000d5580000, 0x00000000d5f00000, 0x0000000100000000)
  eden space 7680K, 0% used [0x00000000d5580000,0x00000000d5580000,0x00000000d5d00000)
  from space 512K, 97% used [0x00000000d5e00000,0x00000000d5e7c3c8,0x00000000d5e80000)
  to   space 1024K, 0% used [0x00000000d5d00000,0x00000000d5d00000,0x00000000d5e00000)
 ParOldGen       total 333312K, used 332982K [0x0000000080000000, 0x0000000094580000, 0x00000000d5580000)
  object space 333312K, 99% used [0x0000000080000000,0x000000009452dba8,0x0000000094580000)
 Metaspace       used 71058K, committed 72832K, reserved 1114112K
  class space    used 7274K, committed 8064K, reserved 1048576K
}
Event: 50.047 GC heap before
{Heap before GC invocations=494 (full 3):
 PSYoungGen      total 8192K, used 8176K [0x00000000d5580000, 0x00000000d5f00000, 0x0000000100000000)
  eden space 7680K, 100% used [0x00000000d5580000,0x00000000d5d00000,0x00000000d5d00000)
  from space 512K, 97% used [0x00000000d5e00000,0x00000000d5e7c3c8,0x00000000d5e80000)
  to   space 1024K, 0% used [0x00000000d5d00000,0x00000000d5d00000,0x00000000d5e00000)
 ParOldGen       total 333312K, used 332982K [0x0000000080000000, 0x0000000094580000, 0x00000000d5580000)
  object space 333312K, 99% used [0x0000000080000000,0x000000009452dba8,0x0000000094580000)
 Metaspace       used 71059K, committed 72832K, reserved 1114112K
  class space    used 7274K, committed 8064K, reserved 1048576K
}
Event: 50.050 GC heap after
{Heap after GC invocations=494 (full 3):
 PSYoungGen      total 8704K, used 1023K [0x00000000d5580000, 0x00000000d6100000, 0x0000000100000000)
  eden space 7680K, 0% used [0x00000000d5580000,0x00000000d5580000,0x00000000d5d00000)
  from space 1024K, 99% used [0x00000000d5d00000,0x00000000d5dffef8,0x00000000d5e00000)
  to   space 2048K, 0% used [0x00000000d5f00000,0x00000000d5f00000,0x00000000d6100000)
 ParOldGen       total 333824K, used 333382K [0x0000000080000000, 0x0000000094600000, 0x00000000d5580000)
  object space 333824K, 99% used [0x0000000080000000,0x0000000094591ba8,0x0000000094600000)
 Metaspace       used 71059K, committed 72832K, reserved 1114112K
  class space    used 7274K, committed 8064K, reserved 1048576K
}
Event: 50.075 GC heap before
{Heap before GC invocations=495 (full 3):
 PSYoungGen      total 8704K, used 8700K [0x00000000d5580000, 0x00000000d6100000, 0x0000000100000000)
  eden space 7680K, 99% used [0x00000000d5580000,0x00000000d5cff2c8,0x00000000d5d00000)
  from space 1024K, 99% used [0x00000000d5d00000,0x00000000d5dffef8,0x00000000d5e00000)
  to   space 2048K, 0% used [0x00000000d5f00000,0x00000000d5f00000,0x00000000d6100000)
 ParOldGen       total 333824K, used 333382K [0x0000000080000000, 0x0000000094600000, 0x00000000d5580000)
  object space 333824K, 99% used [0x0000000080000000,0x0000000094591ba8,0x0000000094600000)
 Metaspace       used 71059K, committed 72832K, reserved 1114112K
  class space    used 7274K, committed 8064K, reserved 1048576K
}
Event: 50.080 GC heap after
{Heap after GC invocations=495 (full 3):
 PSYoungGen      total 7168K, used 2038K [0x00000000d5580000, 0x00000000d6600000, 0x0000000100000000)
  eden space 5120K, 0% used [0x00000000d5580000,0x00000000d5580000,0x00000000d5a80000)
  from space 2048K, 99% used [0x00000000d5f00000,0x00000000d60fd938,0x00000000d6100000)
  to   space 4608K, 0% used [0x00000000d5a80000,0x00000000d5a80000,0x00000000d5f00000)
 ParOldGen       total 335360K, used 335252K [0x0000000080000000, 0x0000000094780000, 0x00000000d5580000)
  object space 335360K, 99% used [0x0000000080000000,0x00000000947653f0,0x0000000094780000)
 Metaspace       used 71059K, committed 72832K, reserved 1114112K
  class space    used 7274K, committed 8064K, reserved 1048576K
}
Event: 50.100 GC heap before
{Heap before GC invocations=496 (full 3):
 PSYoungGen      total 7168K, used 7158K [0x00000000d5580000, 0x00000000d6600000, 0x0000000100000000)
  eden space 5120K, 100% used [0x00000000d5580000,0x00000000d5a80000,0x00000000d5a80000)
  from space 2048K, 99% used [0x00000000d5f00000,0x00000000d60fd938,0x00000000d6100000)
  to   space 4608K, 0% used [0x00000000d5a80000,0x00000000d5a80000,0x00000000d5f00000)
 ParOldGen       total 335360K, used 335252K [0x0000000080000000, 0x0000000094780000, 0x00000000d5580000)
  object space 335360K, 99% used [0x0000000080000000,0x00000000947653f0,0x0000000094780000)
 Metaspace       used 71060K, committed 72832K, reserved 1114112K
  class space    used 7274K, committed 8064K, reserved 1048576K
}
Event: 50.104 GC heap after
{Heap after GC invocations=496 (full 3):
 PSYoungGen      total 5632K, used 314K [0x00000000d5580000, 0x00000000d5f80000, 0x0000000100000000)
  eden space 5120K, 0% used [0x00000000d5580000,0x00000000d5580000,0x00000000d5a80000)
  from space 512K, 61% used [0x00000000d5a80000,0x00000000d5ace900,0x00000000d5b00000)
  to   space 2048K, 0% used [0x00000000d5d80000,0x00000000d5d80000,0x00000000d5f80000)
 ParOldGen       total 337920K, used 337229K [0x0000000080000000, 0x0000000094a00000, 0x00000000d5580000)
  object space 337920K, 99% used [0x0000000080000000,0x0000000094953400,0x0000000094a00000)
 Metaspace       used 71060K, committed 72832K, reserved 1114112K
  class space    used 7274K, committed 8064K, reserved 1048576K
}
Event: 50.136 GC heap before
{Heap before GC invocations=497 (full 3):
 PSYoungGen      total 5632K, used 5343K [0x00000000d5580000, 0x00000000d5f80000, 0x0000000100000000)
  eden space 5120K, 98% used [0x00000000d5580000,0x00000000d5a693d0,0x00000000d5a80000)
  from space 512K, 61% used [0x00000000d5a80000,0x00000000d5ace900,0x00000000d5b00000)
  to   space 2048K, 0% used [0x00000000d5d80000,0x00000000d5d80000,0x00000000d5f80000)
 ParOldGen       total 337920K, used 337229K [0x0000000080000000, 0x0000000094a00000, 0x00000000d5580000)
  object space 337920K, 99% used [0x0000000080000000,0x0000000094953400,0x0000000094a00000)
 Metaspace       used 71062K, committed 72832K, reserved 1114112K
  class space    used 7274K, committed 8064K, reserved 1048576K
}
Event: 50.138 GC heap after
{Heap after GC invocations=497 (full 3):
 PSYoungGen      total 5632K, used 244K [0x00000000d5580000, 0x00000000d5e00000, 0x0000000100000000)
  eden space 5120K, 0% used [0x00000000d5580000,0x00000000d5580000,0x00000000d5a80000)
  from space 512K, 47% used [0x00000000d5d80000,0x00000000d5dbd1f8,0x00000000d5e00000)
  to   space 512K, 0% used [0x00000000d5a80000,0x00000000d5a80000,0x00000000d5b00000)
 ParOldGen       total 337920K, used 337329K [0x0000000080000000, 0x0000000094a00000, 0x00000000d5580000)
  object space 337920K, 99% used [0x0000000080000000,0x000000009496c600,0x0000000094a00000)
 Metaspace       used 71062K, committed 72832K, reserved 1114112K
  class space    used 7274K, committed 8064K, reserved 1048576K
}
Event: 50.168 GC heap before
{Heap before GC invocations=498 (full 3):
 PSYoungGen      total 5632K, used 5364K [0x00000000d5580000, 0x00000000d5e00000, 0x0000000100000000)
  eden space 5120K, 100% used [0x00000000d5580000,0x00000000d5a80000,0x00000000d5a80000)
  from space 512K, 47% used [0x00000000d5d80000,0x00000000d5dbd1f8,0x00000000d5e00000)
  to   space 512K, 0% used [0x00000000d5a80000,0x00000000d5a80000,0x00000000d5b00000)
 ParOldGen       total 337920K, used 337329K [0x0000000080000000, 0x0000000094a00000, 0x00000000d5580000)
  object space 337920K, 99% used [0x0000000080000000,0x000000009496c600,0x0000000094a00000)
 Metaspace       used 71066K, committed 72832K, reserved 1114112K
  class space    used 7274K, committed 8064K, reserved 1048576K
}
Event: 50.170 GC heap after
{Heap after GC invocations=498 (full 3):
 PSYoungGen      total 5632K, used 352K [0x00000000d5580000, 0x00000000d5e00000, 0x0000000100000000)
  eden space 5120K, 0% used [0x00000000d5580000,0x00000000d5580000,0x00000000d5a80000)
  from space 512K, 68% used [0x00000000d5a80000,0x00000000d5ad8130,0x00000000d5b00000)
  to   space 512K, 0% used [0x00000000d5d80000,0x00000000d5d80000,0x00000000d5e00000)
 ParOldGen       total 337920K, used 337409K [0x0000000080000000, 0x0000000094a00000, 0x00000000d5580000)
  object space 337920K, 99% used [0x0000000080000000,0x0000000094980600,0x0000000094a00000)
 Metaspace       used 71066K, committed 72832K, reserved 1114112K
  class space    used 7274K, committed 8064K, reserved 1048576K
}
Event: 50.195 GC heap before
{Heap before GC invocations=499 (full 3):
 PSYoungGen      total 5632K, used 5472K [0x00000000d5580000, 0x00000000d5e00000, 0x0000000100000000)
  eden space 5120K, 100% used [0x00000000d5580000,0x00000000d5a80000,0x00000000d5a80000)
  from space 512K, 68% used [0x00000000d5a80000,0x00000000d5ad8130,0x00000000d5b00000)
  to   space 512K, 0% used [0x00000000d5d80000,0x00000000d5d80000,0x00000000d5e00000)
 ParOldGen       total 337920K, used 337409K [0x0000000080000000, 0x0000000094a00000, 0x00000000d5580000)
  object space 337920K, 99% used [0x0000000080000000,0x0000000094980600,0x0000000094a00000)
 Metaspace       used 71072K, committed 72832K, reserved 1114112K
  class space    used 7274K, committed 8064K, reserved 1048576K
}
Event: 50.196 GC heap after
{Heap after GC invocations=499 (full 3):
 PSYoungGen      total 5632K, used 294K [0x00000000d5580000, 0x00000000d5e00000, 0x0000000100000000)
  eden space 5120K, 0% used [0x00000000d5580000,0x00000000d5580000,0x00000000d5a80000)
  from space 512K, 57% used [0x00000000d5d80000,0x00000000d5dc98c8,0x00000000d5e00000)
  to   space 512K, 0% used [0x00000000d5a80000,0x00000000d5a80000,0x00000000d5b00000)
 ParOldGen       total 337920K, used 337481K [0x0000000080000000, 0x0000000094a00000, 0x00000000d5580000)
  object space 337920K, 99% used [0x0000000080000000,0x0000000094992600,0x0000000094a00000)
 Metaspace       used 71072K, committed 72832K, reserved 1114112K
  class space    used 7274K, committed 8064K, reserved 1048576K
}
Event: 50.236 GC heap before
{Heap before GC invocations=500 (full 3):
 PSYoungGen      total 5632K, used 5414K [0x00000000d5580000, 0x00000000d5e00000, 0x0000000100000000)
  eden space 5120K, 100% used [0x00000000d5580000,0x00000000d5a80000,0x00000000d5a80000)
  from space 512K, 57% used [0x00000000d5d80000,0x00000000d5dc98c8,0x00000000d5e00000)
  to   space 512K, 0% used [0x00000000d5a80000,0x00000000d5a80000,0x00000000d5b00000)
 ParOldGen       total 337920K, used 337481K [0x0000000080000000, 0x0000000094a00000, 0x00000000d5580000)
  object space 337920K, 99% used [0x0000000080000000,0x0000000094992600,0x0000000094a00000)
 Metaspace       used 71073K, committed 72832K, reserved 1114112K
  class space    used 7274K, committed 8064K, reserved 1048576K
}
Event: 50.238 GC heap after
{Heap after GC invocations=500 (full 3):
 PSYoungGen      total 5632K, used 282K [0x00000000d5580000, 0x00000000d5e00000, 0x0000000100000000)
  eden space 5120K, 0% used [0x00000000d5580000,0x00000000d5580000,0x00000000d5a80000)
  from space 512K, 55% used [0x00000000d5a80000,0x00000000d5ac6900,0x00000000d5b00000)
  to   space 512K, 0% used [0x00000000d5d80000,0x00000000d5d80000,0x00000000d5e00000)
 ParOldGen       total 337920K, used 337537K [0x0000000080000000, 0x0000000094a00000, 0x00000000d5580000)
  object space 337920K, 99% used [0x0000000080000000,0x00000000949a0600,0x0000000094a00000)
 Metaspace       used 71073K, committed 72832K, reserved 1114112K
  class space    used 7274K, committed 8064K, reserved 1048576K
}

